This is TeX, Version 3.14159 (Web2C 7.3.1) (format=latex 2006.1.27)  17 SEP 2006 23:12
**scan_log.tex
(scan_log.tex
LaTeX2e <2001/06/01>
Babel <v3.7h> and hyphenation patterns for american, french, german, ngerman, i
talian, nohyphenation, loaded.
\GNUPLOTunit=\dimen102
LaTeX Font Info:    External font `cmex10' loaded for size
(Font)              <7> on input line 784.
LaTeX Font Info:    External font `cmex10' loaded for size
(Font)              <5> on input line 784.
! Extra }, or forgotten $.
<recently read> }
                 
l.784 \put(3037,1847){\rjust{$}}
                                %
? x
 
Here is how much of TeX's memory you used:
 16 strings out of 20880
 154 string characters out of 197306
 57334 words of memory out of 350001
 3048 multiletter control sequences out of 10000+15000
 3640 words of font info for 14 fonts, out of 400000 for 1000
 14 hyphenation exceptions out of 10000
 20i,5n,16p,111b,95s stack positions out of 3000i,100n,1500p,50000b,4000s
No pages of output.
